Unity Editor version:    2022.3.12f1 (4fe6e059c7ef)
Branch:                  2022.3/release
Build type:              Release
Batch mode:              YES
macOS version:           Version 14.4 (Build 23E214)
Darwin version:          23.4.0
Architecture:            arm64
Running under Rosetta:   NO
Available memory:        32768 MB
Using pre-set license
Pro License: YES

COMMAND LINE ARGUMENTS:
/Applications/Unity/Hub/Editor/2022.3.12f1/Unity.app/Contents/MacOS/Unity
-adb2
-batchMode
-noUpm
-name
AssetImportWorker3
-projectPath
/Users/juanmaravilla735/Documents/GitHub/Final-P4/Final
-logFile
Logs/AssetImportWorker3.log
-srvPort
52511
Successfully changed project path to: /Users/juanmaravilla735/Documents/GitHub/Final-P4/Final
Could not lock editor preferences. Preferences updates for this instance of Unity will not be saved./Users/juanmaravilla735/Documents/GitHub/Final-P4/Final
[UnityMemory] Configuration Parameters - Can be set up in boot.config
    "memorysetup-bucket-allocator-granularity=16"
    "memorysetup-bucket-allocator-bucket-count=8"
    "memorysetup-bucket-allocator-block-size=33554432"
    "memorysetup-bucket-allocator-block-count=8"
    "memorysetup-main-allocator-block-size=16777216"
    "memorysetup-thread-allocator-block-size=16777216"
    "memorysetup-gfx-main-allocator-block-size=16777216"
    "memorysetup-gfx-thread-allocator-block-size=16777216"
    "memorysetup-cache-allocator-block-size=4194304"
    "memorysetup-typetree-allocator-block-size=2097152"
    "memorysetup-profiler-bucket-allocator-granularity=16"
    "memorysetup-profiler-bucket-allocator-bucket-count=8"
    "memorysetup-profiler-bucket-allocator-block-size=33554432"
    "memorysetup-profiler-bucket-allocator-block-count=8"
    "memorysetup-profiler-allocator-block-size=16777216"
    "memorysetup-profiler-editor-allocator-block-size=1048576"
    "memorysetup-temp-allocator-size-main=16777216"
    "memorysetup-job-temp-allocator-block-size=2097152"
    "memorysetup-job-temp-allocator-block-size-background=1048576"
    "memorysetup-job-temp-allocator-reduction-small-platforms=262144"
    "memorysetup-allocator-temp-initial-block-size-main=262144"
    "memorysetup-allocator-temp-initial-block-size-worker=262144"
    "memorysetup-temp-allocator-size-background-worker=32768"
    "memorysetup-temp-allocator-size-job-worker=262144"
    "memorysetup-temp-allocator-size-preload-manager=33554432"
    "memorysetup-temp-allocator-size-nav-mesh-worker=65536"
    "memorysetup-temp-allocator-size-audio-worker=65536"
    "memorysetup-temp-allocator-size-cloud-worker=32768"
    "memorysetup-temp-allocator-size-gi-baking-worker=262144"
    "memorysetup-temp-allocator-size-gfx=262144"
Player connection [8488811200] Host "[IP] 10.94.29.228 [Port] 0 [Flags] 2 [Guid] 1601805387 [EditorId] 1601805387 [Version] 1048832 [Id] OSXEditor(0,mac-studio.rusd.edu) [Debug] 1 [PackageName] OSXEditor [ProjectName] Editor" joined multi-casting on [225.0.0.222:54997]...

Player connection [8488811200] Host "[IP] 10.94.29.228 [Port] 0 [Flags] 2 [Guid] 1601805387 [EditorId] 1601805387 [Version] 1048832 [Id] OSXEditor(0,mac-studio.rusd.edu) [Debug] 1 [PackageName] OSXEditor [ProjectName] Editor" joined alternative multi-casting on [225.0.0.222:34997]...

[Physics::Module] Initialized MultithreadedJobDispatcher with 11 workers.
Refreshing native plugins compatible for Editor in 2.07 ms, found 2 plugins.
Preloading 0 native plugins for Editor in 0.00 ms.
Initialize engine version: 2022.3.12f1 (4fe6e059c7ef)
[Subsystems] Discovering subsystems at path /Applications/Unity/Hub/Editor/2022.3.12f1/Unity.app/Contents/Resources/UnitySubsystems
[Subsystems] Discovering subsystems at path /Users/juanmaravilla735/Documents/GitHub/Final-P4/Final/Assets
GfxDevice: creating device client; threaded=0; jobified=0
 preferred device: Apple M2 Max (high power)
Metal devices available: 1
0: Apple M2 Max (high power)
Using device Apple M2 Max (high power)
Initializing Metal device caps: Apple M2 Max
Initialize mono
Mono path[0] = '/Applications/Unity/Hub/Editor/2022.3.12f1/Unity.app/Contents/Managed'
Mono path[1] = '/Applications/Unity/Hub/Editor/2022.3.12f1/Unity.app/Contents/MonoBleedingEdge/lib/mono/unityjit-macos'
Mono config path = '/Applications/Unity/Hub/Editor/2022.3.12f1/Unity.app/Contents/MonoBleedingEdge/etc'
Using monoOptions --debugger-agent=transport=dt_socket,embedding=1,server=y,suspend=n,address=127.0.0.1:56913
Begin MonoManager ReloadAssembly
Registering precompiled unity dll's ...
Register platform support module: /Applications/Unity/Hub/Editor/2022.3.12f1/PlaybackEngines/WebGLSupport/UnityEditor.WebGL.Extensions.dll
Register platform support module: /Applications/Unity/Hub/Editor/2022.3.12f1/Unity.app/Contents/PlaybackEngines/MacStandaloneSupport/UnityEditor.OSXStandalone.Extensions.dll
Registered in 0.000952 seconds.
- Loaded All Assemblies, in  0.172 seconds
Native extension for OSXStandalone target not found
Native extension for WebGL target not found
Mono: successfully reloaded assembly
- Finished resetting the current domain, in  0.125 seconds
Domain Reload Profiling: 296ms
	BeginReloadAssembly (40ms)
		ExecutionOrderSort (0ms)
		DisableScriptedObjects (0ms)
		BackupInstance (0ms)
		ReleaseScriptingObjects (0ms)
		CreateAndSetChildDomain (0ms)
	RebuildCommonClasses (20ms)
	RebuildNativeTypeToScriptingClass (7ms)
	initialDomainReloadingComplete (25ms)
	LoadAllAssembliesAndSetupDomain (79ms)
		LoadAssemblies (40ms)
		RebuildTransferFunctionScriptingTraits (0ms)
		AnalyzeDomain (78ms)
			TypeCache.Refresh (78ms)
				TypeCache.ScanAssembly (70ms)
			ScanForSourceGeneratedMonoScriptInfo (0ms)
			ResolveRequiredComponents (0ms)
	FinalizeReload (125ms)
		ReleaseScriptCaches (0ms)
		RebuildScriptCaches (0ms)
		SetupLoadedEditorAssemblies (93ms)
			LogAssemblyErrors (0ms)
			InitializePlatformSupportModulesInManaged (4ms)
			SetLoadedEditorAssemblies (3ms)
			RefreshPlugins (0ms)
			BeforeProcessingInitializeOnLoad (1ms)
			ProcessInitializeOnLoadAttributes (62ms)
			ProcessInitializeOnLoadMethodAttributes (23ms)
			AfterProcessingInitializeOnLoad (0ms)
			EditorAssembliesLoaded (0ms)
		ExecutionOrderSort2 (0ms)
		AwakeInstancesAfterBackupRestoration (0ms)
========================================================================
Worker process is ready to serve import requests
Begin MonoManager ReloadAssembly
- Loaded All Assemblies, in  0.311 seconds
Refreshing native plugins compatible for Editor in 0.78 ms, found 2 plugins.
Native extension for OSXStandalone target not found
Native extension for WebGL target not found
Package Manager log level set to [2]
[Package Manager] Server::EnsureServerProcessIsRunning -- launch failed, reason: Unity was launched with the -noUpm command-line argument
[Package Manager] UpmClient::Send -- Unable to send message (not connected to UPM process).
[Package Manager] Cannot connect to Unity Package Manager local server
Mono: successfully reloaded assembly
- Finished resetting the current domain, in  0.301 seconds
Domain Reload Profiling: 612ms
	BeginReloadAssembly (69ms)
		ExecutionOrderSort (0ms)
		DisableScriptedObjects (3ms)
		BackupInstance (0ms)
		ReleaseScriptingObjects (0ms)
		CreateAndSetChildDomain (15ms)
	RebuildCommonClasses (22ms)
	RebuildNativeTypeToScriptingClass (7ms)
	initialDomainReloadingComplete (20ms)
	LoadAllAssembliesAndSetupDomain (194ms)
		LoadAssemblies (118ms)
		RebuildTransferFunctionScriptingTraits (0ms)
		AnalyzeDomain (105ms)
			TypeCache.Refresh (96ms)
				TypeCache.ScanAssembly (87ms)
			ScanForSourceGeneratedMonoScriptInfo (6ms)
			ResolveRequiredComponents (2ms)
	FinalizeReload (301ms)
		ReleaseScriptCaches (0ms)
		RebuildScriptCaches (0ms)
		SetupLoadedEditorAssemblies (218ms)
			LogAssemblyErrors (0ms)
			InitializePlatformSupportModulesInManaged (3ms)
			SetLoadedEditorAssemblies (3ms)
			RefreshPlugins (0ms)
			BeforeProcessingInitializeOnLoad (31ms)
			ProcessInitializeOnLoadAttributes (172ms)
			ProcessInitializeOnLoadMethodAttributes (9ms)
			AfterProcessingInitializeOnLoad (1ms)
			EditorAssembliesLoaded (0ms)
		ExecutionOrderSort2 (0ms)
		AwakeInstancesAfterBackupRestoration (2ms)
Launching external process: /Applications/Unity/Hub/Editor/2022.3.12f1/Unity.app/Contents/Tools/UnityShaderCompiler
Launched and connected shader compiler UnityShaderCompiler after 0.03 seconds
Refreshing native plugins compatible for Editor in 0.67 ms, found 2 plugins.
Preloading 0 native plugins for Editor in 0.00 ms.
Unloading 3091 Unused Serialized files (Serialized files now loaded: 0)
Unloading 32 unused Assets / (51.1 KB). Loaded Objects now: 3552.
Memory consumption went from 130.5 MB to 130.5 MB.
Total: 1.976292 ms (FindLiveObjects: 0.076000 ms CreateObjectMapping: 0.032875 ms MarkObjects: 1.814458 ms  DeleteObjects: 0.052750 ms)

AssetImportParameters requested are different than current active one (requested -> active):
  custom:container-demuxer-ogg: 62fdf1f143b41e24485cea50d1cbac27 -> 
  custom:video-decoder-ogg-theora: a1e56fd34408186e4bbccfd4996cb3dc -> 
  custom:CustomObjectIndexerAttribute: 756ad292c208cfabdd7b50bc23989ffe -> 
  custom:container-demuxer-webm: 4f35f7cbe854078d1ac9338744f61a02 -> 
  custom:container-muxer-webm: aa71ff27fc2769a1b78a27578f13a17b -> 
  custom:video-decoder-webm-vp8: 9c59270c3fd7afecdb556c50c9e8de78 -> 
  custom:SearchIndexIgnoredProperties: e643bd26f0fe6173181afceb89e7c659 -> 
  custom:AudioImporter_EditorPlatform: 3918e3fc78b5a79bad01e8451be0beb8 -> 
  custom:framework-osx-AVFoundation: e770b220cccbd017edd2c1fefb359320 -> 
  custom:video-encoder-webm-vp8: eb34c28f22e8b96e1ab97ce403110664 -> 
  custom:audio-decoder-ogg-vorbis: bf7c407c2cedff20999df2af8eb42d56 -> 
  custom:audio-encoder-webm-vorbis: bf7c407c2cedff20999df2af8eb42d56 -> 
========================================================================
Received Import Request.
  Time since last request: 271466.904122 seconds.
  path: Assets/Scenes/KayKit Dungeon Pack 1.0 2/Models/obj/scaffold_small_high_long.obj
  artifactKey: Guid(03fa76cf40f35477ebf39b8f5cdab688) Importer(815301076,1909f56bfc062723c751e8b465ee728b)
Start importing Assets/Scenes/KayKit Dungeon Pack 1.0 2/Models/obj/scaffold_small_high_long.obj using Guid(03fa76cf40f35477ebf39b8f5cdab688) Importer(815301076,1909f56bfc062723c751e8b465ee728b)  -> (artifact id: 'af78cfcdb9f9bfaa8817ab2ecf70d239') in 0.069927 seconds
Number of updated asset objects reloaded before import = 0
Number of asset objects unloaded after import = 10
========================================================================
Received Import Request.
  Time since last request: 0.000029 seconds.
  path: Assets/Scenes/KayKit Dungeon Pack 1.0 2/Models/obj/scaffold_small_medium_railing_long.obj
  artifactKey: Guid(fbcc03d349c7f40b2ab7b1cfc5a1b90e) Importer(815301076,1909f56bfc062723c751e8b465ee728b)
Start importing Assets/Scenes/KayKit Dungeon Pack 1.0 2/Models/obj/scaffold_small_medium_railing_long.obj using Guid(fbcc03d349c7f40b2ab7b1cfc5a1b90e) Importer(815301076,1909f56bfc062723c751e8b465ee728b)  -> (artifact id: '44bc3cbc7d4810589c110b77dfa1f13c') in 0.007653 seconds
Number of updated asset objects reloaded before import = 0
Number of asset objects unloaded after import = 10
========================================================================
Received Import Request.
  Time since last request: 0.000030 seconds.
  path: Assets/Scenes/KayKit Dungeon Pack 1.0 2/Models/obj/spellBook.obj
  artifactKey: Guid(36e979fd09fce4e19a31341544b032de) Importer(815301076,1909f56bfc062723c751e8b465ee728b)
Start importing Assets/Scenes/KayKit Dungeon Pack 1.0 2/Models/obj/spellBook.obj using Guid(36e979fd09fce4e19a31341544b032de) Importer(815301076,1909f56bfc062723c751e8b465ee728b)  -> (artifact id: 'cf56bba153e69da9dba116ea0f97b638') in 0.013722 seconds
Number of updated asset objects reloaded before import = 0
Number of asset objects unloaded after import = 13
========================================================================
Received Import Request.
  Time since last request: 20.329928 seconds.
  path: Assets/Scenes/KayKit Dungeon Pack 1.0 2/Models/obj/stairs_wide.obj
  artifactKey: Guid(54550787d23d042e0a87a4ff68a7a305) Importer(815301076,1909f56bfc062723c751e8b465ee728b)
Start importing Assets/Scenes/KayKit Dungeon Pack 1.0 2/Models/obj/stairs_wide.obj using Guid(54550787d23d042e0a87a4ff68a7a305) Importer(815301076,1909f56bfc062723c751e8b465ee728b)  -> (artifact id: '44395d56e05eb4bb7a881aa0c4757f9a') in 0.014346 seconds
Number of updated asset objects reloaded before import = 0
Number of asset objects unloaded after import = 10
========================================================================
Received Import Request.
  Time since last request: 0.000052 seconds.
  path: Assets/Scenes/KayKit Dungeon Pack 1.0 2/Models/obj/sword_common.obj
  artifactKey: Guid(5c83e98f9c67c461a9383663a7ac2ac8) Importer(815301076,1909f56bfc062723c751e8b465ee728b)
Start importing Assets/Scenes/KayKit Dungeon Pack 1.0 2/Models/obj/sword_common.obj using Guid(5c83e98f9c67c461a9383663a7ac2ac8) Importer(815301076,1909f56bfc062723c751e8b465ee728b)  -> (artifact id: '3b38b307a9b8af6f4f8c7289c59fcb43') in 0.013868 seconds
Number of updated asset objects reloaded before import = 0
Number of asset objects unloaded after import = 12
========================================================================
Received Import Request.
  Time since last request: 0.000022 seconds.
  path: Assets/Scenes/KayKit Dungeon Pack 1.0 2/Models/obj/stool.obj
  artifactKey: Guid(7a75502a171784f38b8b38db24d57669) Importer(815301076,1909f56bfc062723c751e8b465ee728b)
Start importing Assets/Scenes/KayKit Dungeon Pack 1.0 2/Models/obj/stool.obj using Guid(7a75502a171784f38b8b38db24d57669) Importer(815301076,1909f56bfc062723c751e8b465ee728b)  -> (artifact id: '4b5b57929b00fcf158b5bf7bb9121e0e') in 0.007967 seconds
Number of updated asset objects reloaded before import = 0
Number of asset objects unloaded after import = 10
========================================================================
Received Import Request.
  Time since last request: 0.000040 seconds.
  path: Assets/Scenes/KayKit Dungeon Pack 1.0 2/Models/obj/tileBrickA_large.obj
  artifactKey: Guid(d7e8422eed6c74b478a8498a4453099e) Importer(815301076,1909f56bfc062723c751e8b465ee728b)
Start importing Assets/Scenes/KayKit Dungeon Pack 1.0 2/Models/obj/tileBrickA_large.obj using Guid(d7e8422eed6c74b478a8498a4453099e) Importer(815301076,1909f56bfc062723c751e8b465ee728b)  -> (artifact id: '2281470380f9c162b3191a8e64c96a1c') in 0.009921 seconds
Number of updated asset objects reloaded before import = 0
Number of asset objects unloaded after import = 11
========================================================================
Received Import Request.
  Time since last request: 0.000071 seconds.
  path: Assets/Scenes/KayKit Dungeon Pack 1.0 2/Models/obj/sword_rare.obj
  artifactKey: Guid(e8171dc668113483eb33bc1b209e5d05) Importer(815301076,1909f56bfc062723c751e8b465ee728b)
Start importing Assets/Scenes/KayKit Dungeon Pack 1.0 2/Models/obj/sword_rare.obj using Guid(e8171dc668113483eb33bc1b209e5d05) Importer(815301076,1909f56bfc062723c751e8b465ee728b)  -> (artifact id: '587ad046d48d76e4834ed4102e41bfc4') in 0.013502 seconds
Number of updated asset objects reloaded before import = 0
Number of asset objects unloaded after import = 13
========================================================================
Received Import Request.
  Time since last request: 0.346666 seconds.
  path: Assets/Scenes/KayKit Dungeon Pack 1.0 2/Models/obj/tileSpikes.obj
  artifactKey: Guid(73b9e029eff6843da8b3519990a4fbcd) Importer(815301076,1909f56bfc062723c751e8b465ee728b)
Start importing Assets/Scenes/KayKit Dungeon Pack 1.0 2/Models/obj/tileSpikes.obj using Guid(73b9e029eff6843da8b3519990a4fbcd) Importer(815301076,1909f56bfc062723c751e8b465ee728b)  -> (artifact id: 'eecb0f69bc4f4e5d6c4de662993a9f4e') in 0.019921 seconds
Number of updated asset objects reloaded before import = 0
Number of asset objects unloaded after import = 12
========================================================================
Received Import Request.
  Time since last request: 0.000082 seconds.
  path: Assets/Scenes/KayKit Dungeon Pack 1.0 2/Models/obj/wall_door.obj
  artifactKey: Guid(ce31df3f41b6746f0b8171bfe8c08a7f) Importer(815301076,1909f56bfc062723c751e8b465ee728b)
Start importing Assets/Scenes/KayKit Dungeon Pack 1.0 2/Models/obj/wall_door.obj using Guid(ce31df3f41b6746f0b8171bfe8c08a7f) Importer(815301076,1909f56bfc062723c751e8b465ee728b)  -> (artifact id: 'e74f763d785673dc7095ca4043870ff8') in 0.012472 seconds
Number of updated asset objects reloaded before import = 0
Number of asset objects unloaded after import = 11
========================================================================
Received Import Request.
  Time since last request: 0.000032 seconds.
  path: Assets/Scenes/KayKit Dungeon Pack 1.0 2/Models/obj/wall_broken.obj
  artifactKey: Guid(a09587e84cbd34a41a9ba3d1e3ee325f) Importer(815301076,1909f56bfc062723c751e8b465ee728b)
Start importing Assets/Scenes/KayKit Dungeon Pack 1.0 2/Models/obj/wall_broken.obj using Guid(a09587e84cbd34a41a9ba3d1e3ee325f) Importer(815301076,1909f56bfc062723c751e8b465ee728b)  -> (artifact id: '20656899779e42811b79b35917b6c9f0') in 0.010304 seconds
Number of updated asset objects reloaded before import = 0
Number of asset objects unloaded after import = 11
========================================================================
Received Import Request.
  Time since last request: 0.000048 seconds.
  path: Assets/Scenes/KayKit Dungeon Pack 1.0 2/Models/obj/wallDecorationB.obj
  artifactKey: Guid(366d7f5317dfa454986e72ec8a56b726) Importer(815301076,1909f56bfc062723c751e8b465ee728b)
Start importing Assets/Scenes/KayKit Dungeon Pack 1.0 2/Models/obj/wallDecorationB.obj using Guid(366d7f5317dfa454986e72ec8a56b726) Importer(815301076,1909f56bfc062723c751e8b465ee728b)  -> (artifact id: '2acf020e9ab28d512e6a2c1bb3ffa319') in 0.009811 seconds
Number of updated asset objects reloaded before import = 0
Number of asset objects unloaded after import = 11
========================================================================
Received Import Request.
  Time since last request: 0.000040 seconds.
  path: Assets/Scenes/KayKit Dungeon Pack 1.0 2/Models/obj/wall_gateCorner.obj
  artifactKey: Guid(39a4ba99d9eff4ed290231c50a30fa18) Importer(815301076,1909f56bfc062723c751e8b465ee728b)
Start importing Assets/Scenes/KayKit Dungeon Pack 1.0 2/Models/obj/wall_gateCorner.obj using Guid(39a4ba99d9eff4ed290231c50a30fa18) Importer(815301076,1909f56bfc062723c751e8b465ee728b)  -> (artifact id: 'b45600dfee18c2eb2ad349ce16992dfe') in 0.011327 seconds
Number of updated asset objects reloaded before import = 0
Number of asset objects unloaded after import = 12
========================================================================
Received Import Request.
  Time since last request: 0.000026 seconds.
  path: Assets/Scenes/KayKit Dungeon Pack 1.0 2/Models/obj/wall_end.obj
  artifactKey: Guid(03e6a85cedf154f1fb7ddab5e60e5889) Importer(815301076,1909f56bfc062723c751e8b465ee728b)
Start importing Assets/Scenes/KayKit Dungeon Pack 1.0 2/Models/obj/wall_end.obj using Guid(03e6a85cedf154f1fb7ddab5e60e5889) Importer(815301076,1909f56bfc062723c751e8b465ee728b)  -> (artifact id: '1a5e0c5319396e7d7632962bc0f7d4e0') in 0.010445 seconds
Number of updated asset objects reloaded before import = 0
Number of asset objects unloaded after import = 11
========================================================================
Received Import Request.
  Time since last request: 0.000044 seconds.
  path: Assets/Scenes/KayKit Dungeon Pack 1.0 2/Models/obj/wallCorner.obj
  artifactKey: Guid(40249d82b8895477087aedd2844e5a0c) Importer(815301076,1909f56bfc062723c751e8b465ee728b)
Start importing Assets/Scenes/KayKit Dungeon Pack 1.0 2/Models/obj/wallCorner.obj using Guid(40249d82b8895477087aedd2844e5a0c) Importer(815301076,1909f56bfc062723c751e8b465ee728b)  -> (artifact id: '2816f5385a79e52dfef60a5a7ad70d62') in 0.011439 seconds
Number of updated asset objects reloaded before import = 0
Number of asset objects unloaded after import = 11
========================================================================
Received Import Request.
  Time since last request: 0.000047 seconds.
  path: Assets/Scenes/KayKit Dungeon Pack 1.0 2/Models/obj/weaponRack.obj
  artifactKey: Guid(1d4c9591062804f4e8331b78ab69f667) Importer(815301076,1909f56bfc062723c751e8b465ee728b)
Start importing Assets/Scenes/KayKit Dungeon Pack 1.0 2/Models/obj/weaponRack.obj using Guid(1d4c9591062804f4e8331b78ab69f667) Importer(815301076,1909f56bfc062723c751e8b465ee728b)  -> (artifact id: 'f5ba80e9ebe294b48bf5a9606c38ff5e') in 0.007547 seconds
Number of updated asset objects reloaded before import = 0
Number of asset objects unloaded after import = 10
========================================================================
Received Import Request.
  Time since last request: 0.000096 seconds.
  path: Assets/Scenes/KayKit Dungeon Pack 1.0 2/Models/obj/wallSingle_decorationB.obj
  artifactKey: Guid(762a4dd2217b7416d86854be41223157) Importer(815301076,1909f56bfc062723c751e8b465ee728b)
Start importing Assets/Scenes/KayKit Dungeon Pack 1.0 2/Models/obj/wallSingle_decorationB.obj using Guid(762a4dd2217b7416d86854be41223157) Importer(815301076,1909f56bfc062723c751e8b465ee728b)  -> (artifact id: '42bf6e47bf1fb442c2b3439cecc0ba1c') in 0.009723 seconds
Number of updated asset objects reloaded before import = 0
Number of asset objects unloaded after import = 11
========================================================================
Received Import Request.
  Time since last request: 0.000057 seconds.
  path: Assets/Scenes/KayKit Dungeon Pack 1.0 2/Models/obj/wallSingle_split.obj
  artifactKey: Guid(9efe91c7b04a64b0ea9729112d626df2) Importer(815301076,1909f56bfc062723c751e8b465ee728b)
Start importing Assets/Scenes/KayKit Dungeon Pack 1.0 2/Models/obj/wallSingle_split.obj using Guid(9efe91c7b04a64b0ea9729112d626df2) Importer(815301076,1909f56bfc062723c751e8b465ee728b)  -> (artifact id: '598689239bd739388694ac221b6c711c') in 0.009621 seconds
Number of updated asset objects reloaded before import = 0
Number of asset objects unloaded after import = 11
========================================================================
Received Import Request.
  Time since last request: 0.000042 seconds.
  path: Assets/Scenes/KayKit Dungeon Pack 1.0 2/Models/obj/wallSingle_decorationA.obj
  artifactKey: Guid(37e9d59c659484c92aa3965f100f3bda) Importer(815301076,1909f56bfc062723c751e8b465ee728b)
Start importing Assets/Scenes/KayKit Dungeon Pack 1.0 2/Models/obj/wallSingle_decorationA.obj using Guid(37e9d59c659484c92aa3965f100f3bda) Importer(815301076,1909f56bfc062723c751e8b465ee728b)  -> (artifact id: '9ec77519e97ded662846fb635f7a7da1') in 0.010700 seconds
Number of updated asset objects reloaded before import = 0
Number of asset objects unloaded after import = 11
