Unity Editor version:    2022.3.12f1 (4fe6e059c7ef)
Branch:                  2022.3/release
Build type:              Release
Batch mode:              YES
macOS version:           Version 14.4 (Build 23E214)
Darwin version:          23.4.0
Architecture:            arm64
Running under Rosetta:   NO
Available memory:        32768 MB
Using pre-set license
Pro License: YES

COMMAND LINE ARGUMENTS:
/Applications/Unity/Hub/Editor/2022.3.12f1/Unity.app/Contents/MacOS/Unity
-adb2
-batchMode
-noUpm
-name
AssetImportWorker1
-projectPath
/Users/juanmaravilla735/Documents/GitHub/Final-P4/Final
-logFile
Logs/AssetImportWorker1.log
-srvPort
50733
Successfully changed project path to: /Users/juanmaravilla735/Documents/GitHub/Final-P4/Final
Could not lock editor preferences. Preferences updates for this instance of Unity will not be saved./Users/juanmaravilla735/Documents/GitHub/Final-P4/Final
[UnityMemory] Configuration Parameters - Can be set up in boot.config
    "memorysetup-bucket-allocator-granularity=16"
    "memorysetup-bucket-allocator-bucket-count=8"
    "memorysetup-bucket-allocator-block-size=33554432"
    "memorysetup-bucket-allocator-block-count=8"
    "memorysetup-main-allocator-block-size=16777216"
    "memorysetup-thread-allocator-block-size=16777216"
    "memorysetup-gfx-main-allocator-block-size=16777216"
    "memorysetup-gfx-thread-allocator-block-size=16777216"
    "memorysetup-cache-allocator-block-size=4194304"
    "memorysetup-typetree-allocator-block-size=2097152"
    "memorysetup-profiler-bucket-allocator-granularity=16"
    "memorysetup-profiler-bucket-allocator-bucket-count=8"
    "memorysetup-profiler-bucket-allocator-block-size=33554432"
    "memorysetup-profiler-bucket-allocator-block-count=8"
    "memorysetup-profiler-allocator-block-size=16777216"
    "memorysetup-profiler-editor-allocator-block-size=1048576"
    "memorysetup-temp-allocator-size-main=16777216"
    "memorysetup-job-temp-allocator-block-size=2097152"
    "memorysetup-job-temp-allocator-block-size-background=1048576"
    "memorysetup-job-temp-allocator-reduction-small-platforms=262144"
    "memorysetup-allocator-temp-initial-block-size-main=262144"
    "memorysetup-allocator-temp-initial-block-size-worker=262144"
    "memorysetup-temp-allocator-size-background-worker=32768"
    "memorysetup-temp-allocator-size-job-worker=262144"
    "memorysetup-temp-allocator-size-preload-manager=33554432"
    "memorysetup-temp-allocator-size-nav-mesh-worker=65536"
    "memorysetup-temp-allocator-size-audio-worker=65536"
    "memorysetup-temp-allocator-size-cloud-worker=32768"
    "memorysetup-temp-allocator-size-gi-baking-worker=262144"
    "memorysetup-temp-allocator-size-gfx=262144"
Player connection [8235596480] Host "[IP] 10.94.29.228 [Port] 0 [Flags] 2 [Guid] 281481149 [EditorId] 281481149 [Version] 1048832 [Id] OSXEditor(0,mac-studio.rusd.edu) [Debug] 1 [PackageName] OSXEditor [ProjectName] Editor" joined multi-casting on [225.0.0.222:54997]...

Player connection [8235596480] Host "[IP] 10.94.29.228 [Port] 0 [Flags] 2 [Guid] 281481149 [EditorId] 281481149 [Version] 1048832 [Id] OSXEditor(0,mac-studio.rusd.edu) [Debug] 1 [PackageName] OSXEditor [ProjectName] Editor" joined alternative multi-casting on [225.0.0.222:34997]...

[Physics::Module] Initialized MultithreadedJobDispatcher with 11 workers.
Refreshing native plugins compatible for Editor in 2.38 ms, found 2 plugins.
Preloading 0 native plugins for Editor in 0.00 ms.
Initialize engine version: 2022.3.12f1 (4fe6e059c7ef)
[Subsystems] Discovering subsystems at path /Applications/Unity/Hub/Editor/2022.3.12f1/Unity.app/Contents/Resources/UnitySubsystems
[Subsystems] Discovering subsystems at path /Users/juanmaravilla735/Documents/GitHub/Final-P4/Final/Assets
GfxDevice: creating device client; threaded=0; jobified=0
 preferred device: Apple M2 Max (high power)
Metal devices available: 1
0: Apple M2 Max (high power)
Using device Apple M2 Max (high power)
Initializing Metal device caps: Apple M2 Max
Initialize mono
Mono path[0] = '/Applications/Unity/Hub/Editor/2022.3.12f1/Unity.app/Contents/Managed'
Mono path[1] = '/Applications/Unity/Hub/Editor/2022.3.12f1/Unity.app/Contents/MonoBleedingEdge/lib/mono/unityjit-macos'
Mono config path = '/Applications/Unity/Hub/Editor/2022.3.12f1/Unity.app/Contents/MonoBleedingEdge/etc'
Using monoOptions --debugger-agent=transport=dt_socket,embedding=1,server=y,suspend=n,address=127.0.0.1:56894
Begin MonoManager ReloadAssembly
Registering precompiled unity dll's ...
Register platform support module: /Applications/Unity/Hub/Editor/2022.3.12f1/PlaybackEngines/WebGLSupport/UnityEditor.WebGL.Extensions.dll
Register platform support module: /Applications/Unity/Hub/Editor/2022.3.12f1/Unity.app/Contents/PlaybackEngines/MacStandaloneSupport/UnityEditor.OSXStandalone.Extensions.dll
Registered in 0.000905 seconds.
- Loaded All Assemblies, in  0.170 seconds
Native extension for OSXStandalone target not found
Native extension for WebGL target not found
Mono: successfully reloaded assembly
- Finished resetting the current domain, in  0.120 seconds
Domain Reload Profiling: 290ms
	BeginReloadAssembly (41ms)
		ExecutionOrderSort (0ms)
		DisableScriptedObjects (0ms)
		BackupInstance (0ms)
		ReleaseScriptingObjects (0ms)
		CreateAndSetChildDomain (0ms)
	RebuildCommonClasses (21ms)
	RebuildNativeTypeToScriptingClass (7ms)
	initialDomainReloadingComplete (25ms)
	LoadAllAssembliesAndSetupDomain (76ms)
		LoadAssemblies (41ms)
		RebuildTransferFunctionScriptingTraits (0ms)
		AnalyzeDomain (75ms)
			TypeCache.Refresh (74ms)
				TypeCache.ScanAssembly (67ms)
			ScanForSourceGeneratedMonoScriptInfo (0ms)
			ResolveRequiredComponents (0ms)
	FinalizeReload (120ms)
		ReleaseScriptCaches (0ms)
		RebuildScriptCaches (0ms)
		SetupLoadedEditorAssemblies (89ms)
			LogAssemblyErrors (0ms)
			InitializePlatformSupportModulesInManaged (4ms)
			SetLoadedEditorAssemblies (3ms)
			RefreshPlugins (0ms)
			BeforeProcessingInitializeOnLoad (1ms)
			ProcessInitializeOnLoadAttributes (60ms)
			ProcessInitializeOnLoadMethodAttributes (21ms)
			AfterProcessingInitializeOnLoad (0ms)
			EditorAssembliesLoaded (0ms)
		ExecutionOrderSort2 (0ms)
		AwakeInstancesAfterBackupRestoration (0ms)
========================================================================
Worker process is ready to serve import requests
Begin MonoManager ReloadAssembly
- Loaded All Assemblies, in  0.295 seconds
Refreshing native plugins compatible for Editor in 0.85 ms, found 2 plugins.
Native extension for OSXStandalone target not found
Native extension for WebGL target not found
Package Manager log level set to [2]
[Package Manager] Server::EnsureServerProcessIsRunning -- launch failed, reason: Unity was launched with the -noUpm command-line argument
[Package Manager] UpmClient::Send -- Unable to send message (not connected to UPM process).
[Package Manager] Cannot connect to Unity Package Manager local server
Mono: successfully reloaded assembly
- Finished resetting the current domain, in  0.289 seconds
Domain Reload Profiling: 584ms
	BeginReloadAssembly (63ms)
		ExecutionOrderSort (0ms)
		DisableScriptedObjects (3ms)
		BackupInstance (0ms)
		ReleaseScriptingObjects (0ms)
		CreateAndSetChildDomain (15ms)
	RebuildCommonClasses (20ms)
	RebuildNativeTypeToScriptingClass (7ms)
	initialDomainReloadingComplete (18ms)
	LoadAllAssembliesAndSetupDomain (187ms)
		LoadAssemblies (119ms)
		RebuildTransferFunctionScriptingTraits (0ms)
		AnalyzeDomain (96ms)
			TypeCache.Refresh (88ms)
				TypeCache.ScanAssembly (79ms)
			ScanForSourceGeneratedMonoScriptInfo (5ms)
			ResolveRequiredComponents (2ms)
	FinalizeReload (289ms)
		ReleaseScriptCaches (0ms)
		RebuildScriptCaches (0ms)
		SetupLoadedEditorAssemblies (207ms)
			LogAssemblyErrors (0ms)
			InitializePlatformSupportModulesInManaged (3ms)
			SetLoadedEditorAssemblies (2ms)
			RefreshPlugins (0ms)
			BeforeProcessingInitializeOnLoad (28ms)
			ProcessInitializeOnLoadAttributes (164ms)
			ProcessInitializeOnLoadMethodAttributes (10ms)
			AfterProcessingInitializeOnLoad (1ms)
			EditorAssembliesLoaded (0ms)
		ExecutionOrderSort2 (0ms)
		AwakeInstancesAfterBackupRestoration (2ms)
Launching external process: /Applications/Unity/Hub/Editor/2022.3.12f1/Unity.app/Contents/Tools/UnityShaderCompiler
Launched and connected shader compiler UnityShaderCompiler after 0.03 seconds
Refreshing native plugins compatible for Editor in 0.93 ms, found 2 plugins.
Preloading 0 native plugins for Editor in 0.00 ms.
Unloading 3091 Unused Serialized files (Serialized files now loaded: 0)
Unloading 32 unused Assets / (51.1 KB). Loaded Objects now: 3552.
Memory consumption went from 125.9 MB to 125.8 MB.
Total: 2.135583 ms (FindLiveObjects: 0.107834 ms CreateObjectMapping: 0.049625 ms MarkObjects: 1.901583 ms  DeleteObjects: 0.075834 ms)

AssetImportParameters requested are different than current active one (requested -> active):
  custom:container-demuxer-ogg: 62fdf1f143b41e24485cea50d1cbac27 -> 
  custom:video-decoder-ogg-theora: a1e56fd34408186e4bbccfd4996cb3dc -> 
  custom:CustomObjectIndexerAttribute: 756ad292c208cfabdd7b50bc23989ffe -> 
  custom:container-demuxer-webm: 4f35f7cbe854078d1ac9338744f61a02 -> 
  custom:container-muxer-webm: aa71ff27fc2769a1b78a27578f13a17b -> 
  custom:video-decoder-webm-vp8: 9c59270c3fd7afecdb556c50c9e8de78 -> 
  custom:SearchIndexIgnoredProperties: e643bd26f0fe6173181afceb89e7c659 -> 
  custom:AudioImporter_EditorPlatform: 3918e3fc78b5a79bad01e8451be0beb8 -> 
  custom:framework-osx-AVFoundation: e770b220cccbd017edd2c1fefb359320 -> 
  custom:video-encoder-webm-vp8: eb34c28f22e8b96e1ab97ce403110664 -> 
  custom:audio-decoder-ogg-vorbis: bf7c407c2cedff20999df2af8eb42d56 -> 
  custom:audio-encoder-webm-vorbis: bf7c407c2cedff20999df2af8eb42d56 -> 
========================================================================
Received Import Request.
  Time since last request: 15516.197805 seconds.
  path: Assets/Scenes/KayKit Dungeon Pack 1.0.zip
  artifactKey: Guid(e9f9b1c3e5a0643d9a3e7bdfd2c3906f) Importer(815301076,1909f56bfc062723c751e8b465ee728b)
Start importing Assets/Scenes/KayKit Dungeon Pack 1.0.zip using Guid(e9f9b1c3e5a0643d9a3e7bdfd2c3906f) Importer(815301076,1909f56bfc062723c751e8b465ee728b)  -> (artifact id: '02d6430eac019b23cd066fb3faf66c19') in 0.006133 seconds
Number of updated asset objects reloaded before import = 0
Number of asset objects unloaded after import = 1
========================================================================
Received Import Request.
  Time since last request: 33.985950 seconds.
  path: Assets/Scenes/KayKit Dungeon Pack 1.0/Overview.png
  artifactKey: Guid(6f0d1c5bf25be446e942c786512b29a6) Importer(815301076,1909f56bfc062723c751e8b465ee728b)
Start importing Assets/Scenes/KayKit Dungeon Pack 1.0/Overview.png using Guid(6f0d1c5bf25be446e942c786512b29a6) Importer(815301076,1909f56bfc062723c751e8b465ee728b)  -> (artifact id: 'e7898afcf1084af9e957446a98f993b1') in 0.029386 seconds
Number of updated asset objects reloaded before import = 0
Number of asset objects unloaded after import = 2
========================================================================
Received Import Request.
  Time since last request: 4.341030 seconds.
  path: Assets/Scenes/KayKit Dungeon Pack 1.0/Models/obj/artifact.obj
  artifactKey: Guid(c0c9c4ddb227343b588a9323a9392139) Importer(815301076,1909f56bfc062723c751e8b465ee728b)
Start importing Assets/Scenes/KayKit Dungeon Pack 1.0/Models/obj/artifact.obj using Guid(c0c9c4ddb227343b588a9323a9392139) Importer(815301076,1909f56bfc062723c751e8b465ee728b)  -> (artifact id: '5a143179cbc26d24b08cdc07e0f7e624') in 0.213472 seconds
Number of updated asset objects reloaded before import = 0
Number of asset objects unloaded after import = 11
========================================================================
Received Import Request.
  Time since last request: 0.000038 seconds.
  path: Assets/Scenes/KayKit Dungeon Pack 1.0/Models/obj/barrelDark.obj
  artifactKey: Guid(8a945d3a677564e0991047a51302efd4) Importer(815301076,1909f56bfc062723c751e8b465ee728b)
Start importing Assets/Scenes/KayKit Dungeon Pack 1.0/Models/obj/barrelDark.obj using Guid(8a945d3a677564e0991047a51302efd4) Importer(815301076,1909f56bfc062723c751e8b465ee728b)  -> (artifact id: '1ae9b7cd078efca714e6f5e8709ac078') in 0.012038 seconds
Number of updated asset objects reloaded before import = 0
Number of asset objects unloaded after import = 12
========================================================================
Received Import Request.
  Time since last request: 0.000087 seconds.
  path: Assets/Scenes/KayKit Dungeon Pack 1.0/Models/obj/axeDouble_common.obj
  artifactKey: Guid(aab3717fed69340c7be97a50c3dba50a) Importer(815301076,1909f56bfc062723c751e8b465ee728b)
Start importing Assets/Scenes/KayKit Dungeon Pack 1.0/Models/obj/axeDouble_common.obj using Guid(aab3717fed69340c7be97a50c3dba50a) Importer(815301076,1909f56bfc062723c751e8b465ee728b)  -> (artifact id: 'b6265ac5acd084f1ae45c9c705995ddf') in 0.009701 seconds
Number of updated asset objects reloaded before import = 0
Number of asset objects unloaded after import = 11
========================================================================
Received Import Request.
  Time since last request: 0.000054 seconds.
  path: Assets/Scenes/KayKit Dungeon Pack 1.0/Models/obj/banner.obj
  artifactKey: Guid(5130e338c807d4351956361cb7c2fe30) Importer(815301076,1909f56bfc062723c751e8b465ee728b)
Start importing Assets/Scenes/KayKit Dungeon Pack 1.0/Models/obj/banner.obj using Guid(5130e338c807d4351956361cb7c2fe30) Importer(815301076,1909f56bfc062723c751e8b465ee728b)  -> (artifact id: 'd440b3f2d3161754581f2e1748f1e7fd') in 0.010954 seconds
Number of updated asset objects reloaded before import = 0
Number of asset objects unloaded after import = 12
========================================================================
Received Import Request.
  Time since last request: 0.000074 seconds.
  path: Assets/Scenes/KayKit Dungeon Pack 1.0/Models/obj/axeDouble_rare.obj
  artifactKey: Guid(cc529df92d9224a53ae9c7fc72b84801) Importer(815301076,1909f56bfc062723c751e8b465ee728b)
Start importing Assets/Scenes/KayKit Dungeon Pack 1.0/Models/obj/axeDouble_rare.obj using Guid(cc529df92d9224a53ae9c7fc72b84801) Importer(815301076,1909f56bfc062723c751e8b465ee728b)  -> (artifact id: 'ac6c8df9aa0d9e44bf1d74bc2db91ffe') in 0.014771 seconds
Number of updated asset objects reloaded before import = 0
Number of asset objects unloaded after import = 13
========================================================================
Received Import Request.
  Time since last request: 0.000084 seconds.
  path: Assets/Scenes/KayKit Dungeon Pack 1.0/Models/obj/bookC.obj
  artifactKey: Guid(854592c1c614f4620b819db2883d09d6) Importer(815301076,1909f56bfc062723c751e8b465ee728b)
Start importing Assets/Scenes/KayKit Dungeon Pack 1.0/Models/obj/bookC.obj using Guid(854592c1c614f4620b819db2883d09d6) Importer(815301076,1909f56bfc062723c751e8b465ee728b)  -> (artifact id: 'c166e679ecf964619853c26690c90fe5') in 0.010631 seconds
Number of updated asset objects reloaded before import = 0
Number of asset objects unloaded after import = 11
========================================================================
Received Import Request.
  Time since last request: 0.000087 seconds.
  path: Assets/Scenes/KayKit Dungeon Pack 1.0/Models/obj/axe_uncommon.obj
  artifactKey: Guid(f2f1494228a4e469c9b6c0be770885ba) Importer(815301076,1909f56bfc062723c751e8b465ee728b)
Start importing Assets/Scenes/KayKit Dungeon Pack 1.0/Models/obj/axe_uncommon.obj using Guid(f2f1494228a4e469c9b6c0be770885ba) Importer(815301076,1909f56bfc062723c751e8b465ee728b)  -> (artifact id: '74fa460931769cec101059cc6504b65b') in 0.012609 seconds
Number of updated asset objects reloaded before import = 0
Number of asset objects unloaded after import = 12
========================================================================
Received Import Request.
  Time since last request: 36.569511 seconds.
  path: Assets/Scenes/KayKit Dungeon Pack 1.0/KayKit Brand Resouces/KayKit_logo_red.png
  artifactKey: Guid(c2929dff925ed450bb0f77f3df315d2c) Importer(815301076,1909f56bfc062723c751e8b465ee728b)
Start importing Assets/Scenes/KayKit Dungeon Pack 1.0/KayKit Brand Resouces/KayKit_logo_red.png using Guid(c2929dff925ed450bb0f77f3df315d2c) Importer(815301076,1909f56bfc062723c751e8b465ee728b)  -> (artifact id: '06b91381198e309a181b84953dfb181b') in 0.008386 seconds
Number of updated asset objects reloaded before import = 0
Number of asset objects unloaded after import = 2
========================================================================
Received Import Request.
  Time since last request: 0.000087 seconds.
  path: Assets/Scenes/KayKit Dungeon Pack 1.0/KayKit Brand Resouces/KayKit_logo_white.png
  artifactKey: Guid(0f50208b1b8df41438c2d70be62e31bf) Importer(815301076,1909f56bfc062723c751e8b465ee728b)
Start importing Assets/Scenes/KayKit Dungeon Pack 1.0/KayKit Brand Resouces/KayKit_logo_white.png using Guid(0f50208b1b8df41438c2d70be62e31bf) Importer(815301076,1909f56bfc062723c751e8b465ee728b)  -> (artifact id: '873dee0989febba698127dfd2d13562a') in 0.004170 seconds
Number of updated asset objects reloaded before import = 0
Number of asset objects unloaded after import = 2
========================================================================
Received Import Request.
  Time since last request: 0.000053 seconds.
  path: Assets/Scenes/KayKit Dungeon Pack 1.0/KayKit Brand Resouces/KayKit_logoVariation_black.png
  artifactKey: Guid(3cae300d9e4b747bf856f6d4573366e0) Importer(815301076,1909f56bfc062723c751e8b465ee728b)
Start importing Assets/Scenes/KayKit Dungeon Pack 1.0/KayKit Brand Resouces/KayKit_logoVariation_black.png using Guid(3cae300d9e4b747bf856f6d4573366e0) Importer(815301076,1909f56bfc062723c751e8b465ee728b)  -> (artifact id: 'c4e474cf8e59e1ef3ecff970780fd9a2') in 0.003379 seconds
Number of updated asset objects reloaded before import = 0
Number of asset objects unloaded after import = 2
========================================================================
Received Import Request.
  Time since last request: 13.071764 seconds.
  path: Assets/Scenes/KayKit Dungeon Pack 1.0/Samples/Sample3.png
  artifactKey: Guid(42ad037a0ad344db78a75b9c9b2e938e) Importer(815301076,1909f56bfc062723c751e8b465ee728b)
Start importing Assets/Scenes/KayKit Dungeon Pack 1.0/Samples/Sample3.png using Guid(42ad037a0ad344db78a75b9c9b2e938e) Importer(815301076,1909f56bfc062723c751e8b465ee728b)  -> (artifact id: '6480e47b098d39ee8d9f097cb6bfc666') in 0.008316 seconds
Number of updated asset objects reloaded before import = 0
Number of asset objects unloaded after import = 2
