Unity Editor version:    2022.3.12f1 (4fe6e059c7ef)
Branch:                  2022.3/release
Build type:              Release
Batch mode:              YES
macOS version:           Version 14.4 (Build 23E214)
Darwin version:          23.4.0
Architecture:            arm64
Running under Rosetta:   NO
Available memory:        32768 MB
Using pre-set license
Pro License: YES

COMMAND LINE ARGUMENTS:
/Applications/Unity/Hub/Editor/2022.3.12f1/Unity.app/Contents/MacOS/Unity
-adb2
-batchMode
-noUpm
-name
AssetImportWorker0
-projectPath
/Users/juanmaravilla735/Documents/GitHub/Final-P4/Final
-logFile
Logs/AssetImportWorker0.log
-srvPort
50733
Successfully changed project path to: /Users/juanmaravilla735/Documents/GitHub/Final-P4/Final
Could not lock editor preferences. Preferences updates for this instance of Unity will not be saved./Users/juanmaravilla735/Documents/GitHub/Final-P4/Final
[UnityMemory] Configuration Parameters - Can be set up in boot.config
    "memorysetup-bucket-allocator-granularity=16"
    "memorysetup-bucket-allocator-bucket-count=8"
    "memorysetup-bucket-allocator-block-size=33554432"
    "memorysetup-bucket-allocator-block-count=8"
    "memorysetup-main-allocator-block-size=16777216"
    "memorysetup-thread-allocator-block-size=16777216"
    "memorysetup-gfx-main-allocator-block-size=16777216"
    "memorysetup-gfx-thread-allocator-block-size=16777216"
    "memorysetup-cache-allocator-block-size=4194304"
    "memorysetup-typetree-allocator-block-size=2097152"
    "memorysetup-profiler-bucket-allocator-granularity=16"
    "memorysetup-profiler-bucket-allocator-bucket-count=8"
    "memorysetup-profiler-bucket-allocator-block-size=33554432"
    "memorysetup-profiler-bucket-allocator-block-count=8"
    "memorysetup-profiler-allocator-block-size=16777216"
    "memorysetup-profiler-editor-allocator-block-size=1048576"
    "memorysetup-temp-allocator-size-main=16777216"
    "memorysetup-job-temp-allocator-block-size=2097152"
    "memorysetup-job-temp-allocator-block-size-background=1048576"
    "memorysetup-job-temp-allocator-reduction-small-platforms=262144"
    "memorysetup-allocator-temp-initial-block-size-main=262144"
    "memorysetup-allocator-temp-initial-block-size-worker=262144"
    "memorysetup-temp-allocator-size-background-worker=32768"
    "memorysetup-temp-allocator-size-job-worker=262144"
    "memorysetup-temp-allocator-size-preload-manager=33554432"
    "memorysetup-temp-allocator-size-nav-mesh-worker=65536"
    "memorysetup-temp-allocator-size-audio-worker=65536"
    "memorysetup-temp-allocator-size-cloud-worker=32768"
    "memorysetup-temp-allocator-size-gi-baking-worker=262144"
    "memorysetup-temp-allocator-size-gfx=262144"
Player connection [8235596480] Host "[IP] 10.94.29.228 [Port] 0 [Flags] 2 [Guid] 242260584 [EditorId] 242260584 [Version] 1048832 [Id] OSXEditor(0,mac-studio.rusd.edu) [Debug] 1 [PackageName] OSXEditor [ProjectName] Editor" joined multi-casting on [225.0.0.222:54997]...

Player connection [8235596480] Host "[IP] 10.94.29.228 [Port] 0 [Flags] 2 [Guid] 242260584 [EditorId] 242260584 [Version] 1048832 [Id] OSXEditor(0,mac-studio.rusd.edu) [Debug] 1 [PackageName] OSXEditor [ProjectName] Editor" joined alternative multi-casting on [225.0.0.222:34997]...

[Physics::Module] Initialized MultithreadedJobDispatcher with 11 workers.
Refreshing native plugins compatible for Editor in 2.18 ms, found 2 plugins.
Preloading 0 native plugins for Editor in 0.00 ms.
Initialize engine version: 2022.3.12f1 (4fe6e059c7ef)
[Subsystems] Discovering subsystems at path /Applications/Unity/Hub/Editor/2022.3.12f1/Unity.app/Contents/Resources/UnitySubsystems
[Subsystems] Discovering subsystems at path /Users/juanmaravilla735/Documents/GitHub/Final-P4/Final/Assets
GfxDevice: creating device client; threaded=0; jobified=0
 preferred device: Apple M2 Max (high power)
Metal devices available: 1
0: Apple M2 Max (high power)
Using device Apple M2 Max (high power)
Initializing Metal device caps: Apple M2 Max
Initialize mono
Mono path[0] = '/Applications/Unity/Hub/Editor/2022.3.12f1/Unity.app/Contents/Managed'
Mono path[1] = '/Applications/Unity/Hub/Editor/2022.3.12f1/Unity.app/Contents/MonoBleedingEdge/lib/mono/unityjit-macos'
Mono config path = '/Applications/Unity/Hub/Editor/2022.3.12f1/Unity.app/Contents/MonoBleedingEdge/etc'
Using monoOptions --debugger-agent=transport=dt_socket,embedding=1,server=y,suspend=n,address=127.0.0.1:56892
Begin MonoManager ReloadAssembly
Registering precompiled unity dll's ...
Register platform support module: /Applications/Unity/Hub/Editor/2022.3.12f1/PlaybackEngines/WebGLSupport/UnityEditor.WebGL.Extensions.dll
Register platform support module: /Applications/Unity/Hub/Editor/2022.3.12f1/Unity.app/Contents/PlaybackEngines/MacStandaloneSupport/UnityEditor.OSXStandalone.Extensions.dll
Registered in 0.000949 seconds.
- Loaded All Assemblies, in  0.173 seconds
Native extension for OSXStandalone target not found
Native extension for WebGL target not found
Mono: successfully reloaded assembly
- Finished resetting the current domain, in  0.126 seconds
Domain Reload Profiling: 299ms
	BeginReloadAssembly (41ms)
		ExecutionOrderSort (0ms)
		DisableScriptedObjects (0ms)
		BackupInstance (0ms)
		ReleaseScriptingObjects (0ms)
		CreateAndSetChildDomain (0ms)
	RebuildCommonClasses (20ms)
	RebuildNativeTypeToScriptingClass (7ms)
	initialDomainReloadingComplete (25ms)
	LoadAllAssembliesAndSetupDomain (81ms)
		LoadAssemblies (40ms)
		RebuildTransferFunctionScriptingTraits (0ms)
		AnalyzeDomain (80ms)
			TypeCache.Refresh (79ms)
				TypeCache.ScanAssembly (71ms)
			ScanForSourceGeneratedMonoScriptInfo (0ms)
			ResolveRequiredComponents (0ms)
	FinalizeReload (126ms)
		ReleaseScriptCaches (0ms)
		RebuildScriptCaches (0ms)
		SetupLoadedEditorAssemblies (94ms)
			LogAssemblyErrors (0ms)
			InitializePlatformSupportModulesInManaged (4ms)
			SetLoadedEditorAssemblies (3ms)
			RefreshPlugins (0ms)
			BeforeProcessingInitializeOnLoad (1ms)
			ProcessInitializeOnLoadAttributes (64ms)
			ProcessInitializeOnLoadMethodAttributes (22ms)
			AfterProcessingInitializeOnLoad (0ms)
			EditorAssembliesLoaded (0ms)
		ExecutionOrderSort2 (0ms)
		AwakeInstancesAfterBackupRestoration (0ms)
========================================================================
Worker process is ready to serve import requests
Begin MonoManager ReloadAssembly
- Loaded All Assemblies, in  0.304 seconds
Refreshing native plugins compatible for Editor in 0.75 ms, found 2 plugins.
Native extension for OSXStandalone target not found
Native extension for WebGL target not found
Package Manager log level set to [2]
[Package Manager] Server::EnsureServerProcessIsRunning -- launch failed, reason: Unity was launched with the -noUpm command-line argument
[Package Manager] UpmClient::Send -- Unable to send message (not connected to UPM process).
[Package Manager] Cannot connect to Unity Package Manager local server
Mono: successfully reloaded assembly
- Finished resetting the current domain, in  0.291 seconds
Domain Reload Profiling: 595ms
	BeginReloadAssembly (63ms)
		ExecutionOrderSort (0ms)
		DisableScriptedObjects (3ms)
		BackupInstance (0ms)
		ReleaseScriptingObjects (0ms)
		CreateAndSetChildDomain (15ms)
	RebuildCommonClasses (21ms)
	RebuildNativeTypeToScriptingClass (7ms)
	initialDomainReloadingComplete (19ms)
	LoadAllAssembliesAndSetupDomain (193ms)
		LoadAssemblies (119ms)
		RebuildTransferFunctionScriptingTraits (0ms)
		AnalyzeDomain (101ms)
			TypeCache.Refresh (91ms)
				TypeCache.ScanAssembly (83ms)
			ScanForSourceGeneratedMonoScriptInfo (6ms)
			ResolveRequiredComponents (2ms)
	FinalizeReload (292ms)
		ReleaseScriptCaches (0ms)
		RebuildScriptCaches (0ms)
		SetupLoadedEditorAssemblies (207ms)
			LogAssemblyErrors (0ms)
			InitializePlatformSupportModulesInManaged (3ms)
			SetLoadedEditorAssemblies (2ms)
			RefreshPlugins (0ms)
			BeforeProcessingInitializeOnLoad (29ms)
			ProcessInitializeOnLoadAttributes (163ms)
			ProcessInitializeOnLoadMethodAttributes (9ms)
			AfterProcessingInitializeOnLoad (1ms)
			EditorAssembliesLoaded (0ms)
		ExecutionOrderSort2 (0ms)
		AwakeInstancesAfterBackupRestoration (2ms)
Launching external process: /Applications/Unity/Hub/Editor/2022.3.12f1/Unity.app/Contents/Tools/UnityShaderCompiler
Launched and connected shader compiler UnityShaderCompiler after 0.03 seconds
Refreshing native plugins compatible for Editor in 0.65 ms, found 2 plugins.
Preloading 0 native plugins for Editor in 0.00 ms.
Unloading 3091 Unused Serialized files (Serialized files now loaded: 0)
Unloading 32 unused Assets / (51.1 KB). Loaded Objects now: 3552.
Memory consumption went from 126.0 MB to 125.9 MB.
Total: 2.019125 ms (FindLiveObjects: 0.087166 ms CreateObjectMapping: 0.038917 ms MarkObjects: 1.830333 ms  DeleteObjects: 0.062417 ms)

AssetImportParameters requested are different than current active one (requested -> active):
  custom:container-demuxer-ogg: 62fdf1f143b41e24485cea50d1cbac27 -> 
  custom:video-decoder-ogg-theora: a1e56fd34408186e4bbccfd4996cb3dc -> 
  custom:CustomObjectIndexerAttribute: 756ad292c208cfabdd7b50bc23989ffe -> 
  custom:container-demuxer-webm: 4f35f7cbe854078d1ac9338744f61a02 -> 
  custom:container-muxer-webm: aa71ff27fc2769a1b78a27578f13a17b -> 
  custom:video-decoder-webm-vp8: 9c59270c3fd7afecdb556c50c9e8de78 -> 
  custom:SearchIndexIgnoredProperties: e643bd26f0fe6173181afceb89e7c659 -> 
  custom:AudioImporter_EditorPlatform: 3918e3fc78b5a79bad01e8451be0beb8 -> 
  custom:framework-osx-AVFoundation: e770b220cccbd017edd2c1fefb359320 -> 
  custom:video-encoder-webm-vp8: eb34c28f22e8b96e1ab97ce403110664 -> 
  custom:audio-decoder-ogg-vorbis: bf7c407c2cedff20999df2af8eb42d56 -> 
  custom:audio-encoder-webm-vorbis: bf7c407c2cedff20999df2af8eb42d56 -> 
========================================================================
Received Import Request.
  Time since last request: 15547.886146 seconds.
  path: Assets/Scenes/KayKit Dungeon Pack 1.0
  artifactKey: Guid(00823af745b5e416da245433236490d9) Importer(815301076,1909f56bfc062723c751e8b465ee728b)
Start importing Assets/Scenes/KayKit Dungeon Pack 1.0 using Guid(00823af745b5e416da245433236490d9) Importer(815301076,1909f56bfc062723c751e8b465ee728b)  -> (artifact id: '16539fc50896e8e7ea1ff0323b75d453') in 0.001122 seconds
Number of updated asset objects reloaded before import = 0
Number of asset objects unloaded after import = 0
========================================================================
Received Import Request.
  Time since last request: 2.296276 seconds.
  path: Assets/Scenes/KayKit Dungeon Pack 1.0/CharacterOverview.png
  artifactKey: Guid(28759237354024128bd15120a4ac87a1) Importer(815301076,1909f56bfc062723c751e8b465ee728b)
Start importing Assets/Scenes/KayKit Dungeon Pack 1.0/CharacterOverview.png using Guid(28759237354024128bd15120a4ac87a1) Importer(815301076,1909f56bfc062723c751e8b465ee728b)  -> (artifact id: '6cf81308ca9c1cb4ee1b6b5fa4baf33f') in 0.039143 seconds
Number of updated asset objects reloaded before import = 0
Number of asset objects unloaded after import = 2
========================================================================
Received Import Request.
  Time since last request: 3.207173 seconds.
  path: Assets/Scenes/KayKit Dungeon Pack 1.0/Models
  artifactKey: Guid(39d76d7f65d294b3dbb4869f62d17770) Importer(815301076,1909f56bfc062723c751e8b465ee728b)
Start importing Assets/Scenes/KayKit Dungeon Pack 1.0/Models using Guid(39d76d7f65d294b3dbb4869f62d17770) Importer(815301076,1909f56bfc062723c751e8b465ee728b)  -> (artifact id: '1f6f4295da6d6dc71f8558f403649b3c') in 0.000968 seconds
Number of updated asset objects reloaded before import = 0
Number of asset objects unloaded after import = 0
========================================================================
Received Import Request.
  Time since last request: 1.016504 seconds.
  path: Assets/Scenes/KayKit Dungeon Pack 1.0/Models/obj
  artifactKey: Guid(ff1e87ad9ac444b8b9522b5622a8b6ae) Importer(815301076,1909f56bfc062723c751e8b465ee728b)
Start importing Assets/Scenes/KayKit Dungeon Pack 1.0/Models/obj using Guid(ff1e87ad9ac444b8b9522b5622a8b6ae) Importer(815301076,1909f56bfc062723c751e8b465ee728b)  -> (artifact id: '87287ee0676ba0e2942a6067dcda1eea') in 0.000856 seconds
Number of updated asset objects reloaded before import = 0
Number of asset objects unloaded after import = 0
========================================================================
Received Import Request.
  Time since last request: 0.111064 seconds.
  path: Assets/Scenes/KayKit Dungeon Pack 1.0/Models/obj/arrow.obj
  artifactKey: Guid(beff12a9083674aefa7224b8dcf4ffe2) Importer(815301076,1909f56bfc062723c751e8b465ee728b)
Start importing Assets/Scenes/KayKit Dungeon Pack 1.0/Models/obj/arrow.obj using Guid(beff12a9083674aefa7224b8dcf4ffe2) Importer(815301076,1909f56bfc062723c751e8b465ee728b)  -> (artifact id: '0dc9325f613ef1a6bebd5dc06d94e652') in 0.215123 seconds
Number of updated asset objects reloaded before import = 0
Number of asset objects unloaded after import = 12
========================================================================
Received Import Request.
  Time since last request: 0.000047 seconds.
  path: Assets/Scenes/KayKit Dungeon Pack 1.0/Models/obj/bookB.obj
  artifactKey: Guid(195d3d2967d6a4fb6a3d6b1ccaa5479a) Importer(815301076,1909f56bfc062723c751e8b465ee728b)
Start importing Assets/Scenes/KayKit Dungeon Pack 1.0/Models/obj/bookB.obj using Guid(195d3d2967d6a4fb6a3d6b1ccaa5479a) Importer(815301076,1909f56bfc062723c751e8b465ee728b)  -> (artifact id: 'a72b9659c5c7815512bcd538cad98e33') in 0.011355 seconds
Number of updated asset objects reloaded before import = 0
Number of asset objects unloaded after import = 12
========================================================================
Received Import Request.
  Time since last request: 0.000074 seconds.
  path: Assets/Scenes/KayKit Dungeon Pack 1.0/Models/obj/axe_rare.obj
  artifactKey: Guid(fb82345b37a15481da2b03375ed15f18) Importer(815301076,1909f56bfc062723c751e8b465ee728b)
Start importing Assets/Scenes/KayKit Dungeon Pack 1.0/Models/obj/axe_rare.obj using Guid(fb82345b37a15481da2b03375ed15f18) Importer(815301076,1909f56bfc062723c751e8b465ee728b)  -> (artifact id: '1fe85111b6ad254014c09193d69589c5') in 0.012808 seconds
Number of updated asset objects reloaded before import = 0
Number of asset objects unloaded after import = 13
========================================================================
Received Import Request.
  Time since last request: 0.000035 seconds.
  path: Assets/Scenes/KayKit Dungeon Pack 1.0/Models/obj/bookA.obj
  artifactKey: Guid(cb46c4c5772c5470ba92ce0335e32189) Importer(815301076,1909f56bfc062723c751e8b465ee728b)
Start importing Assets/Scenes/KayKit Dungeon Pack 1.0/Models/obj/bookA.obj using Guid(cb46c4c5772c5470ba92ce0335e32189) Importer(815301076,1909f56bfc062723c751e8b465ee728b)  -> (artifact id: '41bfe5fd5c5a56d5326219745cd7d8e9') in 0.011103 seconds
Number of updated asset objects reloaded before import = 0
Number of asset objects unloaded after import = 12
========================================================================
Received Import Request.
  Time since last request: 0.000171 seconds.
  path: Assets/Scenes/KayKit Dungeon Pack 1.0/Models/obj/axe_common.obj
  artifactKey: Guid(301cecbf9e8504c828edcb15cc879ad4) Importer(815301076,1909f56bfc062723c751e8b465ee728b)
Start importing Assets/Scenes/KayKit Dungeon Pack 1.0/Models/obj/axe_common.obj using Guid(301cecbf9e8504c828edcb15cc879ad4) Importer(815301076,1909f56bfc062723c751e8b465ee728b)  -> (artifact id: '743236ce72dbf59635d346c48c27afdf') in 0.010522 seconds
Number of updated asset objects reloaded before import = 0
Number of asset objects unloaded after import = 11
========================================================================
Received Import Request.
  Time since last request: 0.000067 seconds.
  path: Assets/Scenes/KayKit Dungeon Pack 1.0/Models/obj/bench.obj
  artifactKey: Guid(1d7fdab52632045a89a37ed6df21e8c7) Importer(815301076,1909f56bfc062723c751e8b465ee728b)
Start importing Assets/Scenes/KayKit Dungeon Pack 1.0/Models/obj/bench.obj using Guid(1d7fdab52632045a89a37ed6df21e8c7) Importer(815301076,1909f56bfc062723c751e8b465ee728b)  -> (artifact id: '0caa0291c1a0c724215d4c3384352c93') in 0.008872 seconds
Number of updated asset objects reloaded before import = 0
Number of asset objects unloaded after import = 10
========================================================================
Received Import Request.
  Time since last request: 0.000111 seconds.
  path: Assets/Scenes/KayKit Dungeon Pack 1.0/Models/obj/axeDouble_uncommon.obj
  artifactKey: Guid(74fbc42f9ed8f4237b6b54581dc90569) Importer(815301076,1909f56bfc062723c751e8b465ee728b)
Start importing Assets/Scenes/KayKit Dungeon Pack 1.0/Models/obj/axeDouble_uncommon.obj using Guid(74fbc42f9ed8f4237b6b54581dc90569) Importer(815301076,1909f56bfc062723c751e8b465ee728b)  -> (artifact id: '5e269680ba3c8374d1bf9e71d791e754') in 0.012336 seconds
Number of updated asset objects reloaded before import = 0
Number of asset objects unloaded after import = 12
========================================================================
Received Import Request.
  Time since last request: 0.000075 seconds.
  path: Assets/Scenes/KayKit Dungeon Pack 1.0/Models/obj/barrel.obj
  artifactKey: Guid(3ee8beaee0793423d9cae07b0ca86a25) Importer(815301076,1909f56bfc062723c751e8b465ee728b)
Start importing Assets/Scenes/KayKit Dungeon Pack 1.0/Models/obj/barrel.obj using Guid(3ee8beaee0793423d9cae07b0ca86a25) Importer(815301076,1909f56bfc062723c751e8b465ee728b)  -> (artifact id: '93fb0fd1d2997001c6a483771c8bc106') in 0.012564 seconds
Number of updated asset objects reloaded before import = 0
Number of asset objects unloaded after import = 12
========================================================================
Received Import Request.
  Time since last request: 36.558520 seconds.
  path: Assets/Scenes/KayKit Dungeon Pack 1.0/KayKit Brand Resouces/KayKit_logo_black.png
  artifactKey: Guid(30eb5891b559b41088bc7696cb475690) Importer(815301076,1909f56bfc062723c751e8b465ee728b)
Start importing Assets/Scenes/KayKit Dungeon Pack 1.0/KayKit Brand Resouces/KayKit_logo_black.png using Guid(30eb5891b559b41088bc7696cb475690) Importer(815301076,1909f56bfc062723c751e8b465ee728b)  -> (artifact id: '77dcd81d0fcbe5f497a54856e00edf52') in 0.007305 seconds
Number of updated asset objects reloaded before import = 0
Number of asset objects unloaded after import = 2
========================================================================
Received Import Request.
  Time since last request: 0.000102 seconds.
  path: Assets/Scenes/KayKit Dungeon Pack 1.0/KayKit Brand Resouces/KayKit_logoVariation_red.png
  artifactKey: Guid(6dc175e632c4d4551861fad2b93ae0a8) Importer(815301076,1909f56bfc062723c751e8b465ee728b)
Start importing Assets/Scenes/KayKit Dungeon Pack 1.0/KayKit Brand Resouces/KayKit_logoVariation_red.png using Guid(6dc175e632c4d4551861fad2b93ae0a8) Importer(815301076,1909f56bfc062723c751e8b465ee728b)  -> (artifact id: '642a131580b66e5a46a941a6248770d1') in 0.004353 seconds
Number of updated asset objects reloaded before import = 0
Number of asset objects unloaded after import = 2
========================================================================
Received Import Request.
  Time since last request: 0.000052 seconds.
  path: Assets/Scenes/KayKit Dungeon Pack 1.0/KayKit Brand Resouces/KayKit_logoVariation_white.png
  artifactKey: Guid(2337b9bdeb0ea4e24b3ef9f40ed94348) Importer(815301076,1909f56bfc062723c751e8b465ee728b)
Start importing Assets/Scenes/KayKit Dungeon Pack 1.0/KayKit Brand Resouces/KayKit_logoVariation_white.png using Guid(2337b9bdeb0ea4e24b3ef9f40ed94348) Importer(815301076,1909f56bfc062723c751e8b465ee728b)  -> (artifact id: 'f254d1bdb404d0230d82dd5ae55783a8') in 0.003536 seconds
Number of updated asset objects reloaded before import = 0
Number of asset objects unloaded after import = 2
========================================================================
Received Import Request.
  Time since last request: 13.072402 seconds.
  path: Assets/Scenes/KayKit Dungeon Pack 1.0/Samples/Sample2.png
  artifactKey: Guid(08a46ccdd70274bacaef177bc70d14e2) Importer(815301076,1909f56bfc062723c751e8b465ee728b)
Start importing Assets/Scenes/KayKit Dungeon Pack 1.0/Samples/Sample2.png using Guid(08a46ccdd70274bacaef177bc70d14e2) Importer(815301076,1909f56bfc062723c751e8b465ee728b)  -> (artifact id: 'cba1b925f7d66cd29d9a40f167f7f64b') in 0.008109 seconds
Number of updated asset objects reloaded before import = 0
Number of asset objects unloaded after import = 2
